This is pdfTeX, Version 3.141592653-2.6-1.40.25 (TeX Live 2023) (preloaded format=pdflatex 2023.8.28)  24 DEC 2024 21:48
entering extended mode
 \write18 enabled.
 %&-line parsing enabled.
**paper.tex
(./paper.tex
LaTeX2e <2023-06-01> patch level 1
L3 programming layer <2023-06-30>
(/usr/local/texlive/2023/texmf-dist/tex/latex/base/article.cls
Document Class: article 2023/05/17 v1.4n Standard LaTeX document class
(/usr/local/texlive/2023/texmf-dist/tex/latex/base/size11.clo
File: size11.clo 2023/05/17 v1.4n Standard LaTeX file (size option)
)
\c@part=\count185
\c@section=\count186
\c@subsection=\count187
\c@subsubsection=\count188
\c@paragraph=\count189
\c@subparagraph=\count190
\c@figure=\count191
\c@table=\count192
\abovecaptionskip=\skip48
\belowcaptionskip=\skip49
\bibindent=\dimen140
) (./acl.sty
Conference Style for ACL
(/usr/local/texlive/2023/texmf-dist/tex/latex/xcolor/xcolor.sty
Package: xcolor 2022/06/12 v2.14 LaTeX color extensions (UK)
(/usr/local/texlive/2023/texmf-dist/tex/latex/graphics-cfg/color.cfg
File: color.cfg 2016/01/02 v1.6 sample color configuration
)
Package xcolor Info: Driver file: pdftex.def on input line 227.
(/usr/local/texlive/2023/texmf-dist/tex/latex/graphics-def/pdftex.def
File: pdftex.def 2022/09/22 v1.2b Graphics/color driver for pdftex
) (/usr/local/texlive/2023/texmf-dist/tex/latex/graphics/mathcolor.ltx)
Package xcolor Info: Model `cmy' substituted by `cmy0' on input line 1353.
Package xcolor Info: Model `hsb' substituted by `rgb' on input line 1357.
Package xcolor Info: Model `RGB' extended on input line 1369.
Package xcolor Info: Model `HTML' substituted by `rgb' on input line 1371.
Package xcolor Info: Model `Hsb' substituted by `hsb' on input line 1372.
Package xcolor Info: Model `tHsb' substituted by `hsb' on input line 1373.
Package xcolor Info: Model `HSB' substituted by `hsb' on input line 1374.
Package xcolor Info: Model `Gray' substituted by `gray' on input line 1375.
Package xcolor Info: Model `wave' substituted by `hsb' on input line 1376.
) (/usr/local/texlive/2023/texmf-dist/tex/latex/geometry/geometry.sty
Package: geometry 2020/01/02 v5.9 Page Geometry
(/usr/local/texlive/2023/texmf-dist/tex/latex/graphics/keyval.sty
Package: keyval 2022/05/29 v1.15 key=value parser (DPC)
\KV@toks@=\toks17
) (/usr/local/texlive/2023/texmf-dist/tex/generic/iftex/ifvtex.sty
Package: ifvtex 2019/10/25 v1.7 ifvtex legacy package. Use iftex instead.
(/usr/local/texlive/2023/texmf-dist/tex/generic/iftex/iftex.sty
Package: iftex 2022/02/03 v1.0f TeX engine tests
))
\Gm@cnth=\count193
\Gm@cntv=\count194
\c@Gm@tempcnt=\count195
\Gm@bindingoffset=\dimen141
\Gm@wd@mp=\dimen142
\Gm@odd@mp=\dimen143
\Gm@even@mp=\dimen144
\Gm@layoutwidth=\dimen145
\Gm@layoutheight=\dimen146
\Gm@layouthoffset=\dimen147
\Gm@layoutvoffset=\dimen148
\Gm@dimlist=\toks18
)
\titlebox=\skip50
(/usr/local/texlive/2023/texmf-dist/tex/latex/caption/caption.sty
Package: caption 2023/03/12 v3.6j Customizing captions (AR)
(/usr/local/texlive/2023/texmf-dist/tex/latex/caption/caption3.sty
Package: caption3 2023/03/12 v2.4 caption3 kernel (AR)
\caption@tempdima=\dimen149
\captionmargin=\dimen150
\caption@leftmargin=\dimen151
\caption@rightmargin=\dimen152
\caption@width=\dimen153
\caption@indent=\dimen154
\caption@parindent=\dimen155
\caption@hangindent=\dimen156
Package caption Info: Standard document class detected.
)
\c@caption@flags=\count196
\c@continuedfloat=\count197
) (/usr/local/texlive/2023/texmf-dist/tex/latex/natbib/natbib.sty
Package: natbib 2010/09/13 8.31b (PWD, AO)
\bibhang=\skip51
\bibsep=\skip52
LaTeX Info: Redefining \cite on input line 694.
\c@NAT@ctr=\count198
) (/usr/local/texlive/2023/texmf-dist/tex/latex/hyperref/hyperref.sty
Package: hyperref 2023-07-08 v7.01b Hypertext links for LaTeX
(/usr/local/texlive/2023/texmf-dist/tex/generic/ltxcmds/ltxcmds.sty
Package: ltxcmds 2020-05-10 v1.25 LaTeX kernel commands for general use (HO)
) (/usr/local/texlive/2023/texmf-dist/tex/generic/pdftexcmds/pdftexcmds.sty
Package: pdftexcmds 2020-06-27 v0.33 Utility functions of pdfTeX for LuaTeX (HO)
(/usr/local/texlive/2023/texmf-dist/tex/generic/infwarerr/infwarerr.sty
Package: infwarerr 2019/12/03 v1.5 Providing info/warning/error messages (HO)
)
Package pdftexcmds Info: \pdf@primitive is available.
Package pdftexcmds Info: \pdf@ifprimitive is available.
Package pdftexcmds Info: \pdfdraftmode found.
) (/usr/local/texlive/2023/texmf-dist/tex/latex/kvsetkeys/kvsetkeys.sty
Package: kvsetkeys 2022-10-05 v1.19 Key value parser (HO)
) (/usr/local/texlive/2023/texmf-dist/tex/generic/kvdefinekeys/kvdefinekeys.sty
Package: kvdefinekeys 2019-12-19 v1.6 Define keys (HO)
) (/usr/local/texlive/2023/texmf-dist/tex/generic/pdfescape/pdfescape.sty
Package: pdfescape 2019/12/09 v1.15 Implements pdfTeX's escape features (HO)
) (/usr/local/texlive/2023/texmf-dist/tex/latex/hycolor/hycolor.sty
Package: hycolor 2020-01-27 v1.10 Color options for hyperref/bookmark (HO)
) (/usr/local/texlive/2023/texmf-dist/tex/latex/letltxmacro/letltxmacro.sty
Package: letltxmacro 2019/12/03 v1.6 Let assignment for LaTeX macros (HO)
) (/usr/local/texlive/2023/texmf-dist/tex/latex/auxhook/auxhook.sty
Package: auxhook 2019-12-17 v1.6 Hooks for auxiliary files (HO)
) (/usr/local/texlive/2023/texmf-dist/tex/latex/hyperref/nameref.sty
Package: nameref 2023-08-07 v2.53 Cross-referencing by name of section
(/usr/local/texlive/2023/texmf-dist/tex/latex/refcount/refcount.sty
Package: refcount 2019/12/15 v3.6 Data extraction from label references (HO)
) (/usr/local/texlive/2023/texmf-dist/tex/generic/gettitlestring/gettitlestring.sty
Package: gettitlestring 2019/12/15 v1.6 Cleanup title references (HO)
(/usr/local/texlive/2023/texmf-dist/tex/latex/kvoptions/kvoptions.sty
Package: kvoptions 2022-06-15 v3.15 Key value format for package options (HO)
))
\c@section@level=\count199
) (/usr/local/texlive/2023/texmf-dist/tex/latex/etoolbox/etoolbox.sty
Package: etoolbox 2020/10/05 v2.5k e-TeX tools for LaTeX (JAW)
\etb@tempcnta=\count266
)
\@linkdim=\dimen157
\Hy@linkcounter=\count267
\Hy@pagecounter=\count268
(/usr/local/texlive/2023/texmf-dist/tex/latex/hyperref/pd1enc.def
File: pd1enc.def 2023-07-08 v7.01b Hyperref: PDFDocEncoding definition (HO)
Now handling font encoding PD1 ...
... no UTF-8 mapping file for font encoding PD1
) (/usr/local/texlive/2023/texmf-dist/tex/generic/intcalc/intcalc.sty
Package: intcalc 2019/12/15 v1.3 Expandable calculations with integers (HO)
)
\Hy@SavedSpaceFactor=\count269
(/usr/local/texlive/2023/texmf-dist/tex/latex/hyperref/puenc.def
File: puenc.def 2023-07-08 v7.01b Hyperref: PDF Unicode definition (HO)
Now handling font encoding PU ...
... no UTF-8 mapping file for font encoding PU
)
Package hyperref Info: Option `breaklinks' set `true' on input line 4050.
Package hyperref Info: Hyper figures OFF on input line 4167.
Package hyperref Info: Link nesting OFF on input line 4172.
Package hyperref Info: Hyper index ON on input line 4175.
Package hyperref Info: Plain pages OFF on input line 4182.
Package hyperref Info: Backreferencing OFF on input line 4187.
Package hyperref Info: Implicit mode ON; LaTeX internals redefined.
Package hyperref Info: Bookmarks ON on input line 4434.
\c@Hy@tempcnt=\count270
(/usr/local/texlive/2023/texmf-dist/tex/latex/url/url.sty
\Urlmuskip=\muskip16
Package: url 2013/09/16  ver 3.4  Verb mode for urls, etc.
)
LaTeX Info: Redefining \url on input line 4772.
\XeTeXLinkMargin=\dimen158
(/usr/local/texlive/2023/texmf-dist/tex/generic/bitset/bitset.sty
Package: bitset 2019/12/09 v1.3 Handle bit-vector datatype (HO)
(/usr/local/texlive/2023/texmf-dist/tex/generic/bigintcalc/bigintcalc.sty
Package: bigintcalc 2019/12/15 v1.5 Expandable calculations on big integers (HO)
))
\Fld@menulength=\count271
\Field@Width=\dimen159
\Fld@charsize=\dimen160
Package hyperref Info: Hyper figures OFF on input line 6051.
Package hyperref Info: Link nesting OFF on input line 6056.
Package hyperref Info: Hyper index ON on input line 6059.
Package hyperref Info: backreferencing OFF on input line 6066.
Package hyperref Info: Link coloring OFF on input line 6071.
Package hyperref Info: Link coloring with OCG OFF on input line 6076.
Package hyperref Info: PDF/A mode OFF on input line 6081.
(/usr/local/texlive/2023/texmf-dist/tex/latex/base/atbegshi-ltx.sty
Package: atbegshi-ltx 2021/01/10 v1.0c Emulation of the original atbegshi
package with kernel methods
)
\Hy@abspage=\count272
\c@Item=\count273
\c@Hfootnote=\count274
)
Package hyperref Info: Driver (autodetected): hpdftex.
(/usr/local/texlive/2023/texmf-dist/tex/latex/hyperref/hpdftex.def
File: hpdftex.def 2023-07-08 v7.01b Hyperref driver for pdfTeX
(/usr/local/texlive/2023/texmf-dist/tex/latex/base/atveryend-ltx.sty
Package: atveryend-ltx 2020/08/19 v1.0a Emulation of the original atveryend package
with kernel methods
)
\Fld@listcount=\count275
\c@bookmark@seq@number=\count276
(/usr/local/texlive/2023/texmf-dist/tex/latex/rerunfilecheck/rerunfilecheck.sty
Package: rerunfilecheck 2022-07-10 v1.10 Rerun checks for auxiliary files (HO)
(/usr/local/texlive/2023/texmf-dist/tex/generic/uniquecounter/uniquecounter.sty
Package: uniquecounter 2019/12/15 v1.4 Provide unlimited unique counter (HO)
)
Package uniquecounter Info: New unique counter `rerunfilecheck' on input line 285.
)
\Hy@SectionHShift=\skip53
)
Package hyperref Info: Option `colorlinks' set `true' on input line 314.
) (/usr/local/texlive/2023/texmf-dist/tex/latex/psnfss/times.sty
Package: times 2020/03/25 PSNFSS-v9.3 (SPQR) 
) (/usr/local/texlive/2023/texmf-dist/tex/latex/titling/titling.sty
Package: titling 2009/09/04 v2.1d maketitle typesetting
\thanksmarkwidth=\skip54
\thanksmargin=\skip55
\droptitle=\skip56
) (/usr/local/texlive/2023/texmf-dist/tex/latex/preprint/authblk.sty
Package: authblk 2001/02/27 1.3 (PWD)
\affilsep=\skip57
\@affilsep=\skip58
\c@Maxaffil=\count277
\c@authors=\count278
\c@affil=\count279
) (/usr/local/texlive/2023/texmf-dist/tex/latex/base/latexsym.sty
Package: latexsym 1998/08/17 v2.2e Standard LaTeX package (lasy symbols)
\symlasy=\mathgroup4
LaTeX Font Info:    Overwriting symbol font `lasy' in version `bold'
(Font)                  U/lasy/m/n --> U/lasy/b/n on input line 52.
) (/usr/local/texlive/2023/texmf-dist/tex/latex/amsmath/amsmath.sty
Package: amsmath 2023/05/13 v2.17o AMS math features
\@mathmargin=\skip59
For additional information on amsmath, use the `?' option.
(/usr/local/texlive/2023/texmf-dist/tex/latex/amsmath/amstext.sty
Package: amstext 2021/08/26 v2.01 AMS text
(/usr/local/texlive/2023/texmf-dist/tex/latex/amsmath/amsgen.sty
File: amsgen.sty 1999/11/30 v2.0 generic functions
\@emptytoks=\toks19
\ex@=\dimen161
)) (/usr/local/texlive/2023/texmf-dist/tex/latex/amsmath/amsbsy.sty
Package: amsbsy 1999/11/29 v1.2d Bold Symbols
\pmbraise@=\dimen162
) (/usr/local/texlive/2023/texmf-dist/tex/latex/amsmath/amsopn.sty
Package: amsopn 2022/04/08 v2.04 operator names
)
\inf@bad=\count280
LaTeX Info: Redefining \frac on input line 234.
\uproot@=\count281
\leftroot@=\count282
LaTeX Info: Redefining \overline on input line 399.
LaTeX Info: Redefining \colon on input line 410.
\classnum@=\count283
\DOTSCASE@=\count284
LaTeX Info: Redefining \ldots on input line 496.
LaTeX Info: Redefining \dots on input line 499.
LaTeX Info: Redefining \cdots on input line 620.
\Mathstrutbox@=\box51
\strutbox@=\box52
LaTeX Info: Redefining \big on input line 722.
LaTeX Info: Redefining \Big on input line 723.
LaTeX Info: Redefining \bigg on input line 724.
LaTeX Info: Redefining \Bigg on input line 725.
\big@size=\dimen163
LaTeX Font Info:    Redeclaring font encoding OML on input line 743.
LaTeX Font Info:    Redeclaring font encoding OMS on input line 744.
\macc@depth=\count285
LaTeX Info: Redefining \bmod on input line 905.
LaTeX Info: Redefining \pmod on input line 910.
LaTeX Info: Redefining \smash on input line 940.
LaTeX Info: Redefining \relbar on input line 970.
LaTeX Info: Redefining \Relbar on input line 971.
\c@MaxMatrixCols=\count286
\dotsspace@=\muskip17
\c@parentequation=\count287
\dspbrk@lvl=\count288
\tag@help=\toks20
\row@=\count289
\column@=\count290
\maxfields@=\count291
\andhelp@=\toks21
\eqnshift@=\dimen164
\alignsep@=\dimen165
\tagshift@=\dimen166
\tagwidth@=\dimen167
\totwidth@=\dimen168
\lineht@=\dimen169
\@envbody=\toks22
\multlinegap=\skip60
\multlinetaggap=\skip61
\mathdisplay@stack=\toks23
LaTeX Info: Redefining \[ on input line 2953.
LaTeX Info: Redefining \] on input line 2954.
) (/usr/local/texlive/2023/texmf-dist/tex/latex/amscls/amsthm.sty
Package: amsthm 2020/05/29 v2.20.6
\thm@style=\toks24
\thm@bodyfont=\toks25
\thm@headfont=\toks26
\thm@notefont=\toks27
\thm@headpunct=\toks28
\thm@preskip=\skip62
\thm@postskip=\skip63
\thm@headsep=\skip64
\dth@everypar=\toks29
) (/usr/local/texlive/2023/texmf-dist/tex/latex/multirow/multirow.sty
Package: multirow 2021/03/15 v2.8 Span multiple rows of a table
\multirow@colwidth=\skip65
\multirow@cntb=\count292
\multirow@dima=\skip66
\bigstrutjot=\dimen170
) (/usr/local/texlive/2023/texmf-dist/tex/latex/tools/array.sty
Package: array 2022/09/04 v2.5g Tabular extension package (FMi)
\col@sep=\dimen171
\ar@mcellbox=\box53
\extrarowheight=\dimen172
\NC@list=\toks30
\extratabsurround=\skip67
\backup@length=\skip68
\ar@cellbox=\box54
) (/usr/local/texlive/2023/texmf-dist/tex/latex/graphics/graphicx.sty
Package: graphicx 2021/09/16 v1.2d Enhanced LaTeX Graphics (DPC,SPQR)
(/usr/local/texlive/2023/texmf-dist/tex/latex/graphics/graphics.sty
Package: graphics 2022/03/10 v1.4e Standard LaTeX Graphics (DPC,SPQR)
(/usr/local/texlive/2023/texmf-dist/tex/latex/graphics/trig.sty
Package: trig 2021/08/11 v1.11 sin cos tan (DPC)
) (/usr/local/texlive/2023/texmf-dist/tex/latex/graphics-cfg/graphics.cfg
File: graphics.cfg 2016/06/04 v1.11 sample graphics configuration
)
Package graphics Info: Driver file: pdftex.def on input line 107.
)
\Gin@req@height=\dimen173
\Gin@req@width=\dimen174
) (/usr/local/texlive/2023/texmf-dist/tex/latex/base/fontenc.sty
Package: fontenc 2021/04/29 v2.0v Standard LaTeX package
LaTeX Font Info:    Trying to load font information for T1+ptm on input line 112.
(/usr/local/texlive/2023/texmf-dist/tex/latex/psnfss/t1ptm.fd
File: t1ptm.fd 2001/06/04 font definitions for T1/ptm.
)) (/usr/local/texlive/2023/texmf-dist/tex/latex/base/inputenc.sty
Package: inputenc 2021/02/14 v1.3d Input encoding file
\inpenc@prehook=\toks31
\inpenc@posthook=\toks32
) (/usr/local/texlive/texmf-local/tex/latex/microtype/microtype.sty
Package: microtype 2022/06/23 v3.0f Micro-typographical refinements (RS)
\MT@toks=\toks33
\MT@tempbox=\box55
\MT@count=\count293
LaTeX Info: Redefining \noprotrusionifhmode on input line 1045.
LaTeX Info: Redefining \leftprotrusion on input line 1046.
LaTeX Info: Redefining \rightprotrusion on input line 1056.
LaTeX Info: Redefining \textls on input line 1234.
\MT@outer@kern=\dimen175
LaTeX Info: Redefining \textmicrotypecontext on input line 1858.
\MT@listname@count=\count294
(/usr/local/texlive/texmf-local/tex/latex/microtype/microtype-pdftex.def
File: microtype-pdftex.def 2022/06/23 v3.0f Definitions specific to pdftex (RS)
LaTeX Info: Redefining \lsstyle on input line 900.
LaTeX Info: Redefining \lslig on input line 900.
\MT@outer@space=\skip69
)
Package microtype Info: Loading configuration file microtype.cfg.
(/usr/local/texlive/texmf-local/tex/latex/microtype/microtype.cfg
File: microtype.cfg 2022/06/23 v3.0f microtype main configuration file (RS)
)) (/usr/local/texlive/2023/texmf-dist/tex/latex/inconsolata/inconsolata.sty
Package: inconsolata 2019/05/17 v1.12
`inconsolata-zi4' v1.12, 2019/05/17 Text macros for Inconsolata (msharpe) (/usr/local/texlive/2023/texmf-dist/tex/latex/base/textcomp.sty
Package: textcomp 2020/02/02 v2.0n Standard LaTeX package
) (/usr/local/texlive/2023/texmf-dist/tex/latex/xkeyval/xkeyval.sty
Package: xkeyval 2022/06/16 v2.9 package option processing (HA)
(/usr/local/texlive/2023/texmf-dist/tex/generic/xkeyval/xkeyval.tex (/usr/local/texlive/2023/texmf-dist/tex/generic/xkeyval/xkvutils.tex
\XKV@toks=\toks34
\XKV@tempa@toks=\toks35
)
\XKV@depth=\count295
File: xkeyval.tex 2014/12/03 v2.7a key=value parser (HA)
))
\zifour@ocount=\count296
) (/usr/local/texlive/2023/texmf-dist/tex/latex/l3backend/l3backend-pdftex.def
File: l3backend-pdftex.def 2023-04-19 L3 backend support: PDF output (pdfTeX)
\l__color_backend_stack_int=\count297
\l__pdf_internal_box=\box56
) (./output.aux)
\openout1 = `output.aux'.

LaTeX Font Info:    Checking defaults for OML/cmm/m/it on input line 59.
LaTeX Font Info:    ... okay on input line 59.
LaTeX Font Info:    Checking defaults for OMS/cmsy/m/n on input line 59.
LaTeX Font Info:    ... okay on input line 59.
LaTeX Font Info:    Checking defaults for OT1/cmr/m/n on input line 59.
LaTeX Font Info:    ... okay on input line 59.
LaTeX Font Info:    Checking defaults for T1/cmr/m/n on input line 59.
LaTeX Font Info:    ... okay on input line 59.
LaTeX Font Info:    Checking defaults for TS1/cmr/m/n on input line 59.
LaTeX Font Info:    ... okay on input line 59.
LaTeX Font Info:    Checking defaults for OMX/cmex/m/n on input line 59.
LaTeX Font Info:    ... okay on input line 59.
LaTeX Font Info:    Checking defaults for U/cmr/m/n on input line 59.
LaTeX Font Info:    ... okay on input line 59.
LaTeX Font Info:    Checking defaults for PD1/pdf/m/n on input line 59.
LaTeX Font Info:    ... okay on input line 59.
LaTeX Font Info:    Checking defaults for PU/pdf/m/n on input line 59.
LaTeX Font Info:    ... okay on input line 59.
(/usr/local/texlive/2023/texmf-dist/tex/context/base/mkii/supp-pdf.mkii
[Loading MPS to PDF converter (version 2006.09.02).]
\scratchcounter=\count298
\scratchdimen=\dimen176
\scratchbox=\box57
\nofMPsegments=\count299
\nofMParguments=\count300
\everyMPshowfont=\toks36
\MPscratchCnt=\count301
\MPscratchDim=\dimen177
\MPnumerator=\count302
\makeMPintoPDFobject=\count303
\everyMPtoPDFconversion=\toks37
) (/usr/local/texlive/2023/texmf-dist/tex/latex/epstopdf-pkg/epstopdf-base.sty
Package: epstopdf-base 2020-01-24 v2.11 Base part for package epstopdf
Package epstopdf-base Info: Redefining graphics rule for `.eps' on input line 485.
(/usr/local/texlive/2023/texmf-dist/tex/latex/latexconfig/epstopdf-sys.cfg
File: epstopdf-sys.cfg 2010/07/13 v1.3 Configuration of (r)epstopdf for TeX Live
))
*geometry* driver: auto-detecting
*geometry* detected driver: pdftex
*geometry* verbose mode - [ preamble ] result:
* driver: pdftex
* paper: a4paper
* layout: <same size as paper>
* layoutoffset:(h,v)=(0.0pt,0.0pt)
* modes: heightrounded 
* h-part:(L,W,R)=(72.26999pt, 452.9679pt, 72.26999pt)
* v-part:(T,H,B)=(72.26999pt, 700.50687pt, 72.26999pt)
* \paperwidth=597.50787pt
* \paperheight=845.04684pt
* \textwidth=452.9679pt
* \textheight=704.60031pt
* \oddsidemargin=0.0pt
* \evensidemargin=0.0pt
* \topmargin=-37.0pt
* \headheight=12.0pt
* \headsep=25.0pt
* \topskip=11.0pt
* \footskip=30.0pt
* \marginparwidth=59.0pt
* \marginparsep=10.0pt
* \columnsep=17.07182pt
* \skip\footins=9.0pt plus 4.0pt minus 2.0pt
* \hoffset=0.0pt
* \voffset=0.0pt
* \mag=1000
* \@twocolumntrue
* \@twosidefalse
* \@mparswitchfalse
* \@reversemarginfalse
* (1in=72.27pt=25.4mm, 1cm=28.453pt)

Package caption Info: Begin \AtBeginDocument code.
Package caption Info: hyperref package is loaded.
Package caption Info: End \AtBeginDocument code.
Package hyperref Info: Link coloring ON on input line 59.
(./output.out) (./output.out)
\@outlinefile=\write3
\openout3 = `output.out'.

LaTeX Info: Redefining \microtypecontext on input line 59.
Package microtype Info: Applying patch `item' on input line 59.
Package microtype Info: Applying patch `toc' on input line 59.
Package microtype Info: Applying patch `eqnum' on input line 59.
Package microtype Info: Applying patch `footnote' on input line 59.
Package microtype Info: Generating PDF output.
Package microtype Info: Character protrusion enabled (level 2).
Package microtype Info: Using default protrusion set `alltext'.
Package microtype Info: Automatic font expansion enabled (level 2),
(microtype)             stretch: 20, shrink: 20, step: 1, non-selected.
Package microtype Info: Using default expansion set `alltext-nott'.
LaTeX Info: Redefining \showhyphens on input line 59.
Package microtype Info: No adjustment of tracking.
Package microtype Info: No adjustment of interword spacing.
Package microtype Info: No adjustment of character kerning.
(/usr/local/texlive/texmf-local/tex/latex/microtype/mt-ptm.cfg
File: mt-ptm.cfg 2006/04/20 v1.7 microtype config. file: Times (RS)
) (/usr/local/texlive/2023/texmf-dist/tex/latex/upquote/upquote.sty
Package: upquote 2012/04/19 v1.3 upright-quote and grave-accent glyphs in verbatim
) (/usr/local/texlive/texmf-local/tex/latex/microtype/mt-cmr.cfg
File: mt-cmr.cfg 2013/05/19 v2.2 microtype config. file: Computer Modern Roman (RS)
)
LaTeX Font Info:    Trying to load font information for U+lasy on input line 60.
(/usr/local/texlive/2023/texmf-dist/tex/latex/base/ulasy.fd
File: ulasy.fd 1998/08/17 v2.2e LaTeX symbol font definitions
) [1{/usr/local/texlive/2023/texmf-var/fonts/map/pdftex/updmap/pdftex.map}{/usr/local/texlive/2023/texmf-dist/fonts/enc/dvips/base/8r.enc}



]
Underfull \hbox (badness 1248) in paragraph at lines 95--96
\T1/ptm/m/n/10.95 (+20) et al.[][], [][]2018[][]) re-lied on mod-u-lar ar-chi-tec-tures
 []


Underfull \hbox (badness 1490) in paragraph at lines 97--98
[]\T1/ptm/m/n/10.95 (+20) Developing ef-fec-tive au-to-mated ne-go-ti-a-tion
 []


Underfull \vbox (badness 2856) has occurred while \output is active []

[2]
LaTeX Font Info:    Trying to load font information for TS1+ptm on input line 136.
(/usr/local/texlive/2023/texmf-dist/tex/latex/psnfss/ts1ptm.fd
File: ts1ptm.fd 2001/06/04 font definitions for TS1/ptm.
) [3]
LaTeX Font Info:    Trying to load font information for T1+zi4 on input line 161.
(/usr/local/texlive/2023/texmf-dist/tex/latex/inconsolata/t1zi4.fd
File: t1zi4.fd 2018/01/14 T1/zi4 (Inconsolata)
)
LaTeX Font Info:    Font shape `T1/zi4/m/n' will be
(Font)              scaled to size 10.95pt on input line 161.
Package microtype Info: Loading generic protrusion settings for font family
(microtype)             `zi4' (encoding: T1).
(microtype)             For optimal results, create family-specific settings.
(microtype)             See the microtype manual for details.

Underfull \hbox (badness 2837) in paragraph at lines 161--162
\T1/ptm/m/n/10.95 (+20) We first im-ple-mented Low-Rank Adap-ta-tion
 []

<figures/finetuning/loss_ema.png, id=175, 331.2375pt x 200.75pt>
File: figures/finetuning/loss_ema.png Graphic file (type png)
<use figures/finetuning/loss_ema.png>
Package pdftex.def Info: figures/finetuning/loss_ema.png  used on input line 190.
(pdftex.def)             Requested size: 98.07594pt x 59.43822pt.
<figures/finetuning/loss_raw.png, id=177, 331.2375pt x 200.75pt>
File: figures/finetuning/loss_raw.png Graphic file (type png)
<use figures/finetuning/loss_raw.png>
Package pdftex.def Info: figures/finetuning/loss_raw.png  used on input line 191.
(pdftex.def)             Requested size: 98.07594pt x 59.43822pt.

LaTeX Warning: `!h' float specifier changed to `!ht'.

<figures/finetuning/steps_since_improvement.png, id=178, 331.2375pt x 200.75pt>
File: figures/finetuning/steps_since_improvement.png Graphic file (type png)
<use figures/finetuning/steps_since_improvement.png>
Package pdftex.def Info: figures/finetuning/steps_since_improvement.png  used on input line 198.
(pdftex.def)             Requested size: 130.77014pt x 79.25401pt.

LaTeX Warning: `!h' float specifier changed to `!ht'.

<figures/finetuning/eval_loss.png, id=179, 331.2375pt x 200.75pt>
File: figures/finetuning/eval_loss.png Graphic file (type png)
<use figures/finetuning/eval_loss.png>
Package pdftex.def Info: figures/finetuning/eval_loss.png  used on input line 205.
(pdftex.def)             Requested size: 98.07594pt x 59.43822pt.
<figures/finetuning/eval_samples_per_second.png, id=180, 331.2375pt x 200.75pt>
File: figures/finetuning/eval_samples_per_second.png Graphic file (type png)
<use figures/finetuning/eval_samples_per_second.png>
Package pdftex.def Info: figures/finetuning/eval_samples_per_second.png  used on input line 206.
(pdftex.def)             Requested size: 98.07594pt x 59.43822pt.

LaTeX Warning: `!h' float specifier changed to `!ht'.

<figures/finetuning/train_learning_rate.png, id=181, 331.2375pt x 200.75pt>
File: figures/finetuning/train_learning_rate.png Graphic file (type png)
<use figures/finetuning/train_learning_rate.png>
Package pdftex.def Info: figures/finetuning/train_learning_rate.png  used on input line 213.
(pdftex.def)             Requested size: 98.07594pt x 59.43822pt.
<figures/finetuning/train_grad_norm.png, id=182, 331.2375pt x 200.75pt>
File: figures/finetuning/train_grad_norm.png Graphic file (type png)
<use figures/finetuning/train_grad_norm.png>
Package pdftex.def Info: figures/finetuning/train_grad_norm.png  used on input line 214.
(pdftex.def)             Requested size: 98.07594pt x 59.43822pt.

LaTeX Warning: `!h' float specifier changed to `!ht'.

[4{/usr/local/texlive/2023/texmf-dist/fonts/enc/dvips/inconsolata/i4-t1-0.enc}]
Underfull \hbox (badness 10000) in paragraph at lines 265--269

 []


Underfull \hbox (badness 1577) in paragraph at lines 265--269
\T1/ptm/b/n/10.95 (+20) Aggreement Rate  \T1/ptm/m/n/10.95 (+20) Mea-sures the pro-por-tion
 []

[5 <./figures/finetuning/loss_ema.png> <./figures/finetuning/loss_raw.png> <./figures/finetuning/steps_since_improvement.png> <./figures/finetuning/eval_loss.png> <./figures/finetuning/eval_samples_per_second.png> <./figures/finetuning/train_learning_rate.png> <./figures/finetuning/train_grad_norm.png>]
Overfull \hbox (2.81804pt too wide) detected at line 281
[]
 []


Overfull \hbox (23.97202pt too wide) detected at line 301
[]
 []


Overfull \hbox (9.35324pt too wide) in paragraph at lines 327--338
 [][] 
 []

<figures/personality/agreement_rates.png, id=205, 711.1368pt x 422.0568pt>
File: figures/personality/agreement_rates.png Graphic file (type png)
<use figures/personality/agreement_rates.png>
Package pdftex.def Info: figures/personality/agreement_rates.png  used on input line 344.
(pdftex.def)             Requested size: 217.94803pt x 129.34859pt.
<figures/personality/bias_scores.png, id=206, 711.1368pt x 422.0568pt>
File: figures/personality/bias_scores.png Graphic file (type png)
<use figures/personality/bias_scores.png>
Package pdftex.def Info: figures/personality/bias_scores.png  used on input line 354.
(pdftex.def)             Requested size: 217.94803pt x 129.34859pt.

LaTeX Warning: `h' float specifier changed to `ht'.

[6 <./figures/personality/agreement_rates.png>]
<figures/personality/fairness_scores.png, id=220, 711.1368pt x 422.0568pt>
File: figures/personality/fairness_scores.png Graphic file (type png)
<use figures/personality/fairness_scores.png>
Package pdftex.def Info: figures/personality/fairness_scores.png  used on input line 379.
(pdftex.def)             Requested size: 217.94803pt x 129.34859pt.
<figures/personality/dialogue_lengths.png, id=221, 711.1368pt x 422.0568pt>
File: figures/personality/dialogue_lengths.png Graphic file (type png)
<use figures/personality/dialogue_lengths.png>
Package pdftex.def Info: figures/personality/dialogue_lengths.png  used on input line 389.
(pdftex.def)             Requested size: 217.94803pt x 129.34859pt.
<figures/personality/price_progression_aggressive.png, id=222, 596.2275pt x 397.84634pt>
File: figures/personality/price_progression_aggressive.png Graphic file (type png)
<use figures/personality/price_progression_aggressive.png>
Package pdftex.def Info: figures/personality/price_progression_aggressive.png  used on input line 396.
(pdftex.def)             Requested size: 217.94803pt x 145.4282pt.
<figures/personality/price_progression_fair.png, id=223, 599.841pt x 397.84634pt>
File: figures/personality/price_progression_fair.png Graphic file (type png)
<use figures/personality/price_progression_fair.png>
Package pdftex.def Info: figures/personality/price_progression_fair.png  used on input line 403.
(pdftex.def)             Requested size: 217.94803pt x 144.55403pt.

LaTeX Warning: `h' float specifier changed to `ht'.

<figures/personality/price_progression_passive.png, id=224, 596.2275pt x 397.84634pt>
File: figures/personality/price_progression_passive.png Graphic file (type png)
<use figures/personality/price_progression_passive.png>
Package pdftex.def Info: figures/personality/price_progression_passive.png  used on input line 410.
(pdftex.def)             Requested size: 217.94803pt x 145.4282pt.

LaTeX Warning: `h' float specifier changed to `ht'.

<figures/personality/price_progression_over_turns.png, id=225, 711.1368pt x 422.0568pt>
File: figures/personality/price_progression_over_turns.png Graphic file (type png)
<use figures/personality/price_progression_over_turns.png>
Package pdftex.def Info: figures/personality/price_progression_over_turns.png  used on input line 417.
(pdftex.def)             Requested size: 217.94803pt x 129.34859pt.

LaTeX Warning: `h' float specifier changed to `ht'.

<figures/personality/action_distribution.png, id=227, 893.9799pt x 422.0568pt>
File: figures/personality/action_distribution.png Graphic file (type png)
<use figures/personality/action_distribution.png>
Package pdftex.def Info: figures/personality/action_distribution.png  used on input line 427.
(pdftex.def)             Requested size: 217.94803pt x 102.89282pt.

LaTeX Warning: `h' float specifier changed to `ht'.

<figures/personality/top_actions_aggressive_buyer_passive_seller.png, id=228, 711.1368pt x 422.0568pt>
File: figures/personality/top_actions_aggressive_buyer_passive_seller.png Graphic file (type png)
<use figures/personality/top_actions_aggressive_buyer_passive_seller.png>
Package pdftex.def Info: figures/personality/top_actions_aggressive_buyer_passive_seller.png  used on input line 434.
(pdftex.def)             Requested size: 217.94803pt x 129.34859pt.

LaTeX Warning: `h' float specifier changed to `ht'.

<figures/personality/sequence_lengths.png, id=230, 711.1368pt x 422.0568pt>
File: figures/personality/sequence_lengths.png Graphic file (type png)
<use figures/personality/sequence_lengths.png>
Package pdftex.def Info: figures/personality/sequence_lengths.png  used on input line 444.
(pdftex.def)             Requested size: 217.94803pt x 129.34859pt.

LaTeX Warning: `h' float specifier changed to `ht'.

[7 <./figures/personality/bias_scores.png> <./figures/personality/fairness_scores.png> <./figures/personality/dialogue_lengths.png> <./figures/personality/price_progression_aggressive.png>]
Underfull \hbox (badness 8019) in paragraph at lines 461--462
[]\T1/ptm/m/it/10.95 (+20) Aggressive Com-bi-na-tions \T1/ptm/m/n/10.95 (+20) re-sult in
 []


Underfull \hbox (badness 1314) in paragraph at lines 462--463
[]\T1/ptm/m/it/10.95 (+20) Fair Com-bi-na-tions \T1/ptm/m/n/10.95 (+20) bal-ance di-a-logue
 []

[8 <./figures/personality/price_progression_fair.png> <./figures/personality/price_progression_passive.png> <./figures/personality/price_progression_over_turns.png> <./figures/personality/action_distribution.png>]
<figures/scale_cot/avg_agree.png, id=267, 1171.37625pt x 480.79625pt>
File: figures/scale_cot/avg_agree.png Graphic file (type png)
<use figures/scale_cot/avg_agree.png>
Package pdftex.def Info: figures/scale_cot/avg_agree.png  used on input line 488.
(pdftex.def)             Requested size: 217.94803pt x 89.45212pt.

Underfull \hbox (badness 1082) in paragraph at lines 489--489
[]\T1/ptm/m/n/10 (+20) Figure 16: |Agree-ment Rate across com-bi-na-tions.
 []

<figures/scale_cot/avg_bias_size_cot.png, id=269, 1162.3425pt x 480.79625pt>
File: figures/scale_cot/avg_bias_size_cot.png Graphic file (type png)
<use figures/scale_cot/avg_bias_size_cot.png>
Package pdftex.def Info: figures/scale_cot/avg_bias_size_cot.png  used on input line 497.
(pdftex.def)             Requested size: 217.94803pt x 90.14906pt.
<figures/scale_cot/avg_fairness.png, id=270, 1142.2675pt x 481.8pt>
File: figures/scale_cot/avg_fairness.png Graphic file (type png)
<use figures/scale_cot/avg_fairness.png>
Package pdftex.def Info: figures/scale_cot/avg_fairness.png  used on input line 506.
(pdftex.def)             Requested size: 217.94803pt x 91.92523pt.

LaTeX Warning: `h' float specifier changed to `ht'.

<figures/scale_cot/avg_aggressiveness_size_cot.png, id=272, 1152.305pt x 478.78876pt>
File: figures/scale_cot/avg_aggressiveness_size_cot.png Graphic file (type png)
<use figures/scale_cot/avg_aggressiveness_size_cot.png>
Package pdftex.def Info: figures/scale_cot/avg_aggressiveness_size_cot.png  used on input line 515.
(pdftex.def)             Requested size: 217.94803pt x 90.55438pt.
[9 <./figures/personality/top_actions_aggressive_buyer_passive_seller.png> <./figures/personality/sequence_lengths.png> <./figures/scale_cot/avg_agree.png> <./figures/scale_cot/avg_bias_size_cot.png>]
<figures/scale_cot/dialogue_length_size_cot.png, id=284, 1153.30875pt x 481.8pt>
File: figures/scale_cot/dialogue_length_size_cot.png Graphic file (type png)
<use figures/scale_cot/dialogue_length_size_cot.png>
Package pdftex.def Info: figures/scale_cot/dialogue_length_size_cot.png  used on input line 524.
(pdftex.def)             Requested size: 217.94803pt x 91.04303pt.

Overfull \hbox (16.5415pt too wide) in paragraph at lines 541--554
 [][] 
 []


LaTeX Warning: `h' float specifier changed to `ht'.

[10 <./figures/scale_cot/avg_fairness.png> <./figures/scale_cot/avg_aggressiveness_size_cot.png> <./figures/scale_cot/dialogue_length_size_cot.png>]
<figures/probing/head3-layer1-weighted.png, id=304, 1440.38126pt x 1117.17375pt>
File: figures/probing/head3-layer1-weighted.png Graphic file (type png)
<use figures/probing/head3-layer1-weighted.png>
Package pdftex.def Info: figures/probing/head3-layer1-weighted.png  used on input line 589.
(pdftex.def)             Requested size: 217.94803pt x 169.03484pt.

LaTeX Warning: `h' float specifier changed to `ht'.

<figures/probing/head3-layer1-unweighted.png, id=305, 1277.77374pt x 392.46625pt>
File: figures/probing/head3-layer1-unweighted.png Graphic file (type png)
<use figures/probing/head3-layer1-unweighted.png>
Package pdftex.def Info: figures/probing/head3-layer1-unweighted.png  used on input line 596.
(pdftex.def)             Requested size: 217.94803pt x 66.93994pt.

LaTeX Warning: `h' float specifier changed to `ht'.


Underfull \vbox (badness 1412) has occurred while \output is active []

[11 <./figures/probing/head3-layer1-weighted.png> <./figures/probing/head3-layer1-unweighted.png>] [12

]
Overfull \hbox (205.59052pt too wide) in paragraph at lines 621--657
 [][] 
 []

[13


]
Underfull \hbox (badness 1102) in paragraph at lines 667--667
[]|\T1/ptm/b/n/10.95 (+20) 3B Ag-gres-sive Buyer vs 3B Ag-gres-sive
 []


Overfull \hbox (205.59052pt too wide) in paragraph at lines 665--709
 [][] 
 []


LaTeX Warning: `h' float specifier changed to `ht'.

[14


] (./output.bbl) [15

] (./output.aux)
 ***********
LaTeX2e <2023-06-01> patch level 1
L3 programming layer <2023-06-30>
 ***********
Package rerunfilecheck Info: File `output.out' has not changed.
(rerunfilecheck)             Checksum: EA205B1272C67FFF61B49232842E388F;4270.
 ) 
Here is how much of TeX's memory you used:
 15309 strings out of 475237
 248748 string characters out of 5764570
 1938244 words of memory out of 5000000
 35875 multiletter control sequences out of 15000+600000
 619070 words of font info for 319 fonts, out of 8000000 for 9000
 1141 hyphenation exceptions out of 8191
 90i,17n,93p,1381b,557s stack positions out of 10000i,1000n,20000p,200000b,200000s
</usr/local/texlive/2023/texmf-dist/fonts/type1/public/inconsolata/Inconsolata-zi4r.pfb></usr/local/texlive/2023/texmf-dist/fonts/type1/public/amsfonts/cm/cmex10.pfb></usr/local/texlive/2023/texmf-dist/fonts/type1/public/amsfonts/cm/cmmi10.pfb></usr/local/texlive/2023/texmf-dist/fonts/type1/public/amsfonts/cm/cmr10.pfb></usr/local/texlive/2023/texmf-dist/fonts/type1/public/amsfonts/cm/cmr8.pfb></usr/local/texlive/2023/texmf-dist/fonts/type1/public/amsfonts/cm/cmsy10.pfb></usr/local/texlive/2023/texmf-dist/fonts/type1/urw/times/utmb8a.pfb></usr/local/texlive/2023/texmf-dist/fonts/type1/urw/times/utmbi8a.pfb></usr/local/texlive/2023/texmf-dist/fonts/type1/urw/times/utmr8a.pfb></usr/local/texlive/2023/texmf-dist/fonts/type1/urw/times/utmri8a.pfb>
Output written on output.pdf (15 pages, 3607312 bytes).
PDF statistics:
 414 PDF objects out of 1000 (max. 8388607)
 323 compressed objects within 4 object streams
 85 named destinations out of 1000 (max. 500000)
 60270 words of extra memory for PDF output out of 61914 (max. 10000000)

